\BOOKMARK [0][]{chapter.1}{\376\377\0001\000\040\122\115\212\000\377\032\116\000\116\233\140\363\213\364\166\204\213\335}{}% 1
\BOOKMARK [0][]{chapter.2}{\376\377\0002\000\040\162\151\164\006\145\131\147\120\143\250\203\120}{}% 2
\BOOKMARK [1][]{section.2.1}{\376\377\0002\000.\0001\000\040\145\160\133\146\220\350\122\006}{chapter.2}% 3
\BOOKMARK [1][]{section.2.2}{\376\377\0002\000.\0002\000\040\162\151\164\006\220\350\122\006}{chapter.2}% 4
\BOOKMARK [0][]{chapter.3}{\376\377\0003\000\040\171\321\122\033\143\007\123\127}{}% 5
\BOOKMARK [1][]{section.3.1}{\376\377\0003\000.\0001\000\040\171\321\170\024\145\271\124\021\220\011\142\351}{chapter.3}% 6
\BOOKMARK [1][]{section.3.2}{\376\377\0003\000.\0002\000\040\171\321\170\024\230\171\166\356\143\250\203\120}{chapter.3}% 7
\BOOKMARK [0][]{chapter.4}{\376\377\0004\000\040\000E\000l\000e\000g\000a\000n\000t\000B\000o\000o\000k\000\040\213\276\177\156\213\364\146\016}{}% 8
\BOOKMARK [1][]{section.4.1}{\376\377\0004\000.\0001\000\040\213\355\212\000\152\041\137\017}{chapter.4}% 9
\BOOKMARK [1][]{section.4.2}{\376\377\0004\000.\0002\000\040\213\276\131\007\220\011\230\171}{chapter.4}% 10
\BOOKMARK [1][]{section.4.3}{\376\377\0004\000.\0003\000\040\230\234\202\162\116\073\230\230}{chapter.4}% 11
\BOOKMARK [1][]{section.4.4}{\376\377\0004\000.\0004\000\040\134\001\227\142}{chapter.4}% 12
\BOOKMARK [2][]{subsection.4.4.1}{\376\377\0004\000.\0004\000.\0001\000\040\134\001\227\142\116\052\140\047\123\026}{section.4.4}% 13
\BOOKMARK [2][]{subsection.4.4.2}{\376\377\0004\000.\0004\000.\0002\000\040\134\001\227\142\126\376}{section.4.4}% 14
\BOOKMARK [2][]{subsection.4.4.3}{\376\377\0004\000.\0004\000.\0003\000\040\137\275\150\007}{section.4.4}% 15
\BOOKMARK [2][]{subsection.4.4.4}{\376\377\0004\000.\0004\000.\0004\000\040\201\352\133\232\116\111\134\001\227\142}{section.4.4}% 16
\BOOKMARK [1][]{section.4.5}{\376\377\0004\000.\0005\000\040\172\340\150\007\150\007\230\230}{chapter.4}% 17
\BOOKMARK [1][]{section.4.6}{\376\377\0004\000.\0006\000\040\145\160\133\146\163\257\130\203\173\200\116\313}{chapter.4}% 18
\BOOKMARK [2][]{subsection.4.6.1}{\376\377\0004\000.\0006\000.\0001\000\040\133\232\164\006\174\173\163\257\130\203\166\204\117\177\165\050}{section.4.6}% 19
\BOOKMARK [2][]{subsection.4.6.2}{\376\377\0004\000.\0006\000.\0002\000\040\117\356\145\071\213\241\145\160\126\150}{section.4.6}% 20
\BOOKMARK [2][]{subsection.4.6.3}{\376\377\0004\000.\0006\000.\0003\000\040\121\166\116\326\163\257\130\203\166\204\117\177\165\050}{section.4.6}% 21
\BOOKMARK [1][]{section.4.7}{\376\377\0004\000.\0007\000\040\122\027\210\150\163\257\130\203}{chapter.4}% 22
\BOOKMARK [1][]{section.4.8}{\376\377\0004\000.\0008\000\040\123\302\200\003\145\207\163\056}{chapter.4}% 23
\BOOKMARK [1][]{section.4.9}{\376\377\0004\000.\0009\000\040\155\373\122\240\136\217\172\340}{chapter.4}% 24
\BOOKMARK [1][]{section.4.10}{\376\377\0004\000.\0001\0000\000\040\166\356\137\125\220\011\230\171\116\016\155\361\136\246}{chapter.4}% 25
\BOOKMARK [1][]{section.4.11}{\376\377\0004\000.\0001\0001\000\040\172\340\202\202\144\130\211\201}{chapter.4}% 26
\BOOKMARK [1][]{section.4.12}{\376\377\0004\000.\0001\0002\000\040\172\340\124\016\116\140\230\230}{chapter.4}% 27
\BOOKMARK [1][]{section*.5}{\376\377\176\303\116\140}{chapter.4}% 28
\BOOKMARK [1][]{section.4.13}{\376\377\0004\000.\0001\0003\000\040\145\301\154\350}{chapter.4}% 29
\BOOKMARK [0][]{chapter.5}{\376\377\0005\000\040\133\127\117\123\220\011\230\171}{}% 30
\BOOKMARK [1][]{section.5.1}{\376\377\0005\000.\0001\000\040\145\160\133\146\133\127\117\123\220\011\230\171}{chapter.5}% 31
\BOOKMARK [1][]{section.5.2}{\376\377\0005\000.\0002\000\040\117\177\165\050\000\040\000n\000e\000w\000t\000x\000\040\174\373\122\027\133\127\117\123}{chapter.5}% 32
\BOOKMARK [2][]{subsection.5.2.1}{\376\377\0005\000.\0002\000.\0001\000\040\217\336\133\127\173\046}{section.5.2}% 33
\BOOKMARK [2][]{subsection.5.2.2}{\376\377\0005\000.\0002\000.\0002\000\040\133\217\123\005\121\262\172\201}{section.5.2}% 34
\BOOKMARK [1][]{section.5.3}{\376\377\0005\000.\0003\000\040\116\055\145\207\133\127\117\123\220\011\230\171}{chapter.5}% 35
\BOOKMARK [2][]{subsection.5.3.1}{\376\377\0005\000.\0003\000.\0001\000\040\145\271\153\143\133\127\117\123\220\011\230\171}{section.5.3}% 36
\BOOKMARK [2][]{subsection.5.3.2}{\376\377\0005\000.\0003\000.\0002\000\040\121\166\116\326\116\055\145\207\133\127\117\123}{section.5.3}% 37
\BOOKMARK [0][]{chapter.6}{\376\377\0006\000\040\000E\000l\000e\000g\000a\000n\000t\000B\000o\000o\000k\000\040\121\231\117\134\171\072\117\213}{}% 38
\BOOKMARK [1][]{section.6.1}{\376\377\0006\000.\0001\000\040\000L\000e\000b\000e\000s\000g\000u\000e\000\040\171\357\122\006}{chapter.6}% 39
\BOOKMARK [2][]{subsection.6.1.1}{\376\377\0006\000.\0001\000.\0001\000\040\171\357\122\006\166\204\133\232\116\111}{section.6.1}% 40
\BOOKMARK [1][]{section*.8}{\376\377\176\303\116\140}{chapter.6}% 41
\BOOKMARK [0][]{chapter.7}{\376\377\0007\000\040\136\070\211\301\225\356\230\230\226\306}{}% 42
\BOOKMARK [0][]{appendix.A}{\376\377\000A\000\040\127\372\147\054\145\160\133\146\135\345\121\167}{}% 43
\BOOKMARK [1][]{section.A.1}{\376\377\000A\000.\0001\000\040\154\102\124\214\173\227\133\120\116\016\143\317\217\360\176\337\213\241\221\317}{appendix.A}% 44
